C51 COMPILER V9.01   USART                                                                 03/10/2019 15:11:43 PAGE 1   


C51 COMPILER V9.01, COMPILATION OF MODULE USART
OBJECT MODULE PLACED IN Usart.OBJ
COMPILER INVOKED BY: d:\Keil\C51\BIN\C51.EXE Usart.c LARGE BROWSE DEBUG OBJECTEXTEND

line level    source

   1          #include"reg52.h"
   2          #include"SPI.h"
   3          #include"string.h"
   4          
   5          void UARTSendString(char *s)
   6          {
   7   1              u16 i;
   8   1              ES=0;
   9   1              for(i=0;i<strlen(s);i++)
  10   1              {
  11   2                      SBUF=s[i];
  12   2                      while(!TI);
  13   2                      TI=0;
  14   2              }
  15   1              SBUF=0x0d;
  16   1              while(!TI);
  17   1              TI=0;
  18   1              SBUF=0x0a;
  19   1              while(!TI);
  20   1              TI=0;
  21   1              ES=1;
  22   1      
  23   1      }
  24          
  25          void u32tostr(unsigned long dat,char *str) 
  26          {
  27   1              u8 temp[20];
  28   1              u8 i=0,j=0;
  29   1              while(dat)
  30   1              {
  31   2                      temp[i]=dat%10+48;
  32   2                      i++;
  33   2                      dat/=10;
  34   2              }
  35   1              j=i;
  36   1              for(i=0;i<j;i++)
  37   1                      str[i]=temp[j-i-1];
  38   1              if(!i)
  39   1                      str[i++]='0';
  40   1              str[i]=0;
  41   1      }
  42          
  43          //发送数值
  44          void UARTSendNum(unsigned long dat)
  45          {
  46   1       char temp[20];
  47   1       u32tostr(dat,temp);
  48   1       UARTSendString(temp);
  49   1      }
  50          
  51          void UsartInit()                          //串口调试
  52          {
  53   1              SCON=0X50;                      //设置为工作方式1
  54   1              TMOD=0X20;                      //设置计数器工作方式2
  55   1              PCON=0X80;                      //波特率加倍
C51 COMPILER V9.01   USART                                                                 03/10/2019 15:11:43 PAGE 2   

  56   1              TH1=0XF3;//     0XE6                    //计数器初始值设置，注意波特率是4800的
  57   1              TL1=0XF3;//      0XE6
  58   1              ES=1;                                           //打开接收中断
  59   1              EA=1;
  60   1              TI=0;
  61   1              RI=0;                                           //打开总中断
  62   1              TR1=1;                                  //打开计数器
  63   1      }


MODULE INFORMATION:   STATIC OVERLAYABLE
   CODE SIZE        =    403    ----
   CONSTANT SIZE    =   ----    ----
   XDATA SIZE       =   ----      54
   PDATA SIZE       =   ----    ----
   DATA SIZE        =   ----    ----
   IDATA SIZE       =   ----    ----
   BIT SIZE         =   ----    ----
END OF MODULE INFORMATION.


C51 COMPILATION COMPLETE.  0 WARNING(S),  0 ERROR(S)
