C51 COMPILER V9.01   VS1003                                                                03/10/2019 15:11:43 PAGE 1   


C51 COMPILER V9.01, COMPILATION OF MODULE VS1003
OBJECT MODULE PLACED IN vs1003.OBJ
COMPILER INVOKED BY: d:\Keil\C51\BIN\C51.EXE vs1003.c LARGE BROWSE DEBUG OBJECTEXTEND

line level    source

   1          #include"vs1003.h"
   2          #include<Usart.h>
   3          #include"musicdata.c"
   4          
   5          extern u8 VOL;
   6          
   7          void Mp3WriteRegister(u8 addr,u16 cmd)
   8          {
   9   1              VS_DREQ=1;
  10   1              while(!VS_DREQ);
  11   1              VS_XCS=0;                 //SCI
  12   1              SPIWrite(0x02);//写寄存器命令
  13   1              SPIWrite(addr);
  14   1              SPIWrite((u8)(cmd>>8));
  15   1              SPIWrite((u8)(cmd&0x0f));
  16   1              VS_XCS=1;       
  17   1              while(!VS_DREQ) UARTSendString("wait");
  18   1      }
  19          
  20          u8 Mp3Reset()//硬复位
  21          {
  22   1              VS_XRST=0;
  23   1              DelayMs(10);
  24   1              SPIWrite(0xff);//启动SPI传输
  25   1              VS_XCS=1;
  26   1              VS_XDCS=1;
  27   1              VS_XRST=1;
  28   1              while(VS_DREQ==0);
  29   1      
  30   1              return 1;
  31   1      }
  32          
  33          void Mp3SoftReset()     //软复位
  34          {
  35   1              VS_XCS=0;
  36   1              Mp3WriteRegister(0,0x824);
  37   1              Mp3WriteRegister(0x3,0x9800);//设置时钟
  38   1              Mp3WriteRegister(0x5,0xbb81);//采样率48k
  39   1              Mp3WriteRegister(0x2,0x55);//重音
  40   1              Mp3WriteRegister(0xb,0xffff);//音量 ,高八位为左声道
  41   1              DelayMs(1);
  42   1              VS_XCS=1;
  43   1              while(!VS_DREQ);
  44   1              VS_XDCS=0;
  45   1              SPIWrite(0);
  46   1              SPIWrite(0);
  47   1              SPIWrite(0);
  48   1              SPIWrite(0);
  49   1              VS_XDCS=1;
  50   1      }
  51          
  52          void Mp3PlayDat(u8 *dat)           //播放音乐,发送Data中512字节的数据,每次发送32字节,
  53          {
  54   1              u16 i=0,a=0;
  55   1              while(i<512)
C51 COMPILER V9.01   VS1003                                                                03/10/2019 15:11:43 PAGE 2   

  56   1              {
  57   2                      if(VS_DREQ==1)          //检测DREQ，当DREQ为高时发下一个32个字节的数据
  58   2                      {       
  59   3                              VS_XDCS=0;
  60   3                              VS_XCS=1;
  61   3                              for(a=0;a<32;a++)
  62   3                              {
  63   4                                      
  64   4                                      SPIWrite(dat[i]);
  65   4                                      i++;
  66   4                                      
  67   4                              }
  68   3                              VS_XDCS=1;
  69   3                              VS_XCS=1;       
  70   3                      }
  71   2      
  72   2              }
  73   1      }
  74          
  75          
  76          void Mp3Play2048zero()
  77          {
  78   1              u16 i=0,a=0;
  79   1              for(i=0;i<64;i++)
  80   1              {
  81   2                      if(!VS_DREQ)
  82   2                      {
  83   3                              VS_XDCS=0;
  84   3                              for(a=0;a<32;a++)
  85   3                              {
  86   4                                      SPIWrite(0);                            
  87   4                              }
  88   3                              VS_XDCS=1;
  89   3                              VS_XCS=1;               
  90   3                      }
  91   2              }
  92   1      }
  93          
  94          void VolSetting()//音量设置
  95          {
  96   1                      Mp3WriteRegister(0x0b,((u32)VOL)<<8+VOL);
  97   1                      VS_XDCS=0;
  98   1      }
  99          
 100          void Test()
 101          {       
 102   1              u16 i=0,iCount,a;
 103   1              iCount = sizeof(MusicData);
 104   1              VS_XDCS=0;
 105   1              VS_XCS=1;
 106   1              while(i<iCount)
 107   1              {
 108   2                      if(VS_DREQ==1)          //检测DREQ，当DREQ为高时发下一个32个字节的数据
 109   2                              {       
 110   3                                      
 111   3                                      for(a=0;a<32;a++)
 112   3                                      {
 113   4                                              
 114   4                                              SPIWrite(MusicData[i]);
 115   4                                              i++;
 116   4                                              
 117   4                                      }
C51 COMPILER V9.01   VS1003                                                                03/10/2019 15:11:43 PAGE 3   

 118   3                                              
 119   3                              }else
 120   2                                      UARTSendString("出现等待");     
 121   2              }
 122   1              VS_XDCS=1;
 123   1              VS_XCS=1;
 124   1                      
 125   1      }


MODULE INFORMATION:   STATIC OVERLAYABLE
   CODE SIZE        =    545    ----
   CONSTANT SIZE    =     14    ----
   XDATA SIZE       =   ----      20
   PDATA SIZE       =   ----    ----
   DATA SIZE        =   ----    ----
   IDATA SIZE       =   ----    ----
   BIT SIZE         =   ----    ----
END OF MODULE INFORMATION.


C51 COMPILATION COMPLETE.  0 WARNING(S),  0 ERROR(S)
